<?xml version="1.0" encoding="UTF-8"?>
<testng-results skipped="0" failed="0" ignored="0" total="2" passed="2">
  <reporter-output>
  </reporter-output>
  <suite name="Default suite" duration-ms="59356" started-at="2019-07-04T12:00:17Z" finished-at="2019-07-04T12:01:17Z">
    <groups>
    </groups>
    <test name="Default test" duration-ms="59356" started-at="2019-07-04T12:00:17Z" finished-at="2019-07-04T12:01:17Z">
      <class name="collateral.tests.LoginPageTest">
        <test-method status="PASS" signature="setup()[pri:0, instance:collateral.tests.LoginPageTest@470734c3]" name="setup" is-config="true" duration-ms="25311" started-at="2019-07-04T12:00:17Z" finished-at="2019-07-04T12:00:43Z">
          <reporter-output>
          </reporter-output>
        </test-method> <!-- setup -->
        <test-method status="PASS" signature="loginPageTitleTest()[pri:1, instance:collateral.tests.LoginPageTest@470734c3]" name="loginPageTitleTest" duration-ms="15" started-at="2019-07-04T12:00:43Z" finished-at="2019-07-04T12:00:43Z">
          <reporter-output>
          </reporter-output>
        </test-method> <!-- loginPageTitleTest -->
        <test-method status="PASS" signature="teardown(org.testng.ITestResult)[pri:0, instance:collateral.tests.LoginPageTest@470734c3]" name="teardown" is-config="true" duration-ms="1726" started-at="2019-07-04T12:00:43Z" finished-at="2019-07-04T12:00:45Z">
          <params>
            <param index="0">
              <value>
                <![CDATA[[TestResult name=loginPageTitleTest status=SUCCESS method=LoginPageTest.loginPageTitleTest()[pri:1, instance:collateral.tests.LoginPageTest@470734c3] output={null}]]]>
              </value>
            </param>
          </params>
          <reporter-output>
          </reporter-output>
        </test-method> <!-- teardown -->
        <test-method status="PASS" signature="setup()[pri:0, instance:collateral.tests.LoginPageTest@470734c3]" name="setup" is-config="true" duration-ms="22299" started-at="2019-07-04T12:00:45Z" finished-at="2019-07-04T12:01:07Z">
          <reporter-output>
          </reporter-output>
        </test-method> <!-- setup -->
        <test-method status="PASS" signature="signTest()[pri:2, instance:collateral.tests.LoginPageTest@470734c3]" name="signTest" duration-ms="7773" started-at="2019-07-04T12:01:07Z" finished-at="2019-07-04T12:01:15Z">
          <reporter-output>
          </reporter-output>
        </test-method> <!-- signTest -->
        <test-method status="PASS" signature="teardown(org.testng.ITestResult)[pri:0, instance:collateral.tests.LoginPageTest@470734c3]" name="teardown" is-config="true" duration-ms="2182" started-at="2019-07-04T12:01:15Z" finished-at="2019-07-04T12:01:17Z">
          <params>
            <param index="0">
              <value>
                <![CDATA[[TestResult name=signTest status=SUCCESS method=LoginPageTest.signTest()[pri:2, instance:collateral.tests.LoginPageTest@470734c3] output={null}]]]>
              </value>
            </param>
          </params>
          <reporter-output>
          </reporter-output>
        </test-method> <!-- teardown -->
      </class> <!-- collateral.tests.LoginPageTest -->
    </test> <!-- Default test -->
  </suite> <!-- Default suite -->
</testng-results>
